Wed Sep 02 15:08:43 CST 2015  [debug] AvalonLogSystem initialized using logfile 'C:\Users\Administrator\Desktop\servlet\.metadata\.plugins\com.genuitec.eclipse.templates\velocity.log'
Wed Sep 02 15:08:43 CST 2015   [info] ************************************************************** 
Wed Sep 02 15:08:43 CST 2015   [info] Starting Jakarta Velocity v1.4
Wed Sep 02 15:08:43 CST 2015   [info] RuntimeInstance initializing.
Wed Sep 02 15:08:43 CST 2015   [info] Default Properties File: org\apache\velocity\runtime\defaults\velocity.properties
Wed Sep 02 15:08:43 CST 2015   [info] Trying to use logger class org.apache.velocity.runtime.log.AvalonLogSystem
Wed Sep 02 15:08:43 CST 2015   [info] Using logger class org.apache.velocity.runtime.log.AvalonLogSystem
Wed Sep 02 15:08:43 CST 2015   [info] Default ResourceManager initializing. (class org.apache.velocity.runtime.resource.ResourceManagerImpl)
Wed Sep 02 15:08:43 CST 2015   [info] Resource Loader Instantiated: com.genuitec.eclipse.templates.internal.PluginResourceLoader
Wed Sep 02 15:08:43 CST 2015   [info] ResourceCache : initialized. (class org.apache.velocity.runtime.resource.ResourceCacheImpl)
Wed Sep 02 15:08:43 CST 2015   [info] Default ResourceManager initialization complete.
Wed Sep 02 15:08:43 CST 2015   [info] Loaded System Directive: org.apache.velocity.runtime.directive.Literal
Wed Sep 02 15:08:43 CST 2015   [info] Loaded System Directive: org.apache.velocity.runtime.directive.Macro
Wed Sep 02 15:08:43 CST 2015   [info] Loaded System Directive: org.apache.velocity.runtime.directive.Parse
Wed Sep 02 15:08:43 CST 2015   [info] Loaded System Directive: org.apache.velocity.runtime.directive.Include
Wed Sep 02 15:08:43 CST 2015   [info] Loaded System Directive: org.apache.velocity.runtime.directive.Foreach
Wed Sep 02 15:08:43 CST 2015   [info] Created: 20 parsers.
Wed Sep 02 15:08:43 CST 2015   [info] Velocimacro : initialization starting.
Wed Sep 02 15:08:43 CST 2015   [info] Velocimacro : adding VMs from VM library template : VM_global_library.vm
Wed Sep 02 15:08:43 CST 2015  [error] ResourceManager : unable to find resource 'VM_global_library.vm' in any resource loader.
Wed Sep 02 15:08:43 CST 2015   [info] Velocimacro : error using  VM library template VM_global_library.vm : org.apache.velocity.exception.ResourceNotFoundException: Unable to find resource 'VM_global_library.vm'
Wed Sep 02 15:08:43 CST 2015   [info] Velocimacro :  VM library template macro registration complete.
Wed Sep 02 15:08:43 CST 2015   [info] Velocimacro : allowInline = true : VMs can be defined inline in templates
Wed Sep 02 15:08:43 CST 2015   [info] Velocimacro : allowInlineToOverride = true : VMs defined inline may replace previous VM definitions
Wed Sep 02 15:08:43 CST 2015   [info] Velocimacro : allowInlineLocal = true : VMs defined inline will be local to their defining template only.
Wed Sep 02 15:08:43 CST 2015   [info] Velocimacro : messages on  : VM system will output logging messages
Wed Sep 02 15:08:43 CST 2015   [info] Velocimacro : autoload off  : VM system will not automatically reload global library macros
Wed Sep 02 15:08:43 CST 2015   [info] Velocimacro : initialization complete.
Wed Sep 02 15:08:43 CST 2015   [info] Velocity successfully started.
Wed Sep 02 15:08:43 CST 2015   [info] ResourceManager : found templates/web.xml.vm with loader com.genuitec.eclipse.templates.internal.PluginResourceLoader
Wed Sep 02 15:08:43 CST 2015   [info] ResourceManager : found /templates/velocity/welcome/Jsp.vtl with loader com.genuitec.eclipse.templates.internal.PluginResourceLoader
